2016-04-21 10:02:03 [scrapy] INFO: Scrapy 1.0.3 started (bot: weibospider)
2016-04-21 10:02:03 [scrapy] INFO: Optional features available: ssl, http11
2016-04-21 10:02:03 [scrapy] INFO: Overridden settings: {'NEWSPIDER_MODULE': 'weibospider.spiders', 'FEED_URI': 'file:///home/hadoop_user/scrapy-weibospider-mysql/items/weibospider/cauc_keyword_info/09129e74076511e68fd6000c29c4bf4d.jl', 'SPIDER_MODULES': ['weibospider.spiders'], 'BOT_NAME': 'weibospider', 'LOG_FILE': 'logs/weibospider/cauc_keyword_info/09129e74076511e68fd6000c29c4bf4d.log', 'DOWNLOAD_DELAY': 10}
2016-04-21 10:02:03 [scrapy] INFO: Enabled extensions: CloseSpider, FeedExporter, TelnetConsole, LogStats, CoreStats, SpiderState
2016-04-21 10:02:03 [scrapy] INFO: Enabled downloader middlewares: RotateUserAgent, HttpAuthMiddleware, DownloadTimeoutMiddleware, UserAgentMiddleware, RetryMiddleware, DefaultHeadersMiddleware, MetaRefreshMiddleware, HttpCompressionMiddleware, RedirectMiddleware, CookiesMiddleware, ChunkedTransferMiddleware, DownloaderStats
2016-04-21 10:02:03 [scrapy] INFO: Enabled spider middlewares: HttpErrorMiddleware, OffsiteMiddleware, RefererMiddleware, UrlLengthMiddleware, DepthMiddleware
2016-04-21 10:02:03 [scrapy] INFO: Enabled item pipelines: WeibospiderPipeline
2016-04-21 10:02:03 [scrapy] INFO: Spider opened
2016-04-21 10:02:03 [scrapy] INFO: Crawled 0 pages (at 0 pages/min), scraped 0 items (at 0 items/min)
2016-04-21 10:02:03 [scrapy] DEBUG: Telnet console listening on 127.0.0.1:6023
2016-04-21 10:02:03 [scrapy] DEBUG: Crawled (200) <GET http://login.sina.com.cn/sso/prelogin.php?entry=sso&callback=sinaSSOController.preloginCallBack&su=MTg2MDAyOTkwMDc=&rsakt=mod&client=ssologin.js(v1.4.4)> (referer: None)
2016-04-21 10:02:16 [scrapy] DEBUG: Crawled (200) <POST http://login.sina.com.cn/sso/login.php?client=ssologin.js(v1.4.4)> (referer: http://login.sina.com.cn/sso/prelogin.php?entry=sso&callback=sinaSSOController.preloginCallBack&su=MTg2MDAyOTkwMDc=&rsakt=mod&client=ssologin.js(v1.4.4))
2016-04-21 10:02:16 [scrapy] DEBUG: Crawled (200) <GET http://weibo.com/ajaxlogin.php?framelogin=1&callback=parent.sinaSSOController.feedBackUrlCallBack&sudaref=login.sina.com.cn&ticket=ST-MzY1NTYxMjU1Mg==-1461204128-xd-FB945DD233325D79E367D4DF56EE0C48&retcode=0> (referer: http://login.sina.com.cn/sso/prelogin.php?entry=sso&callback=sinaSSOController.preloginCallBack&su=MTg2MDAyOTkwMDc=&rsakt=mod&client=ssologin.js(v1.4.4))
2016-04-21 10:02:16 [weibospider.spiders.cauc_keyword_info] INFO: current timestamp:1461204136
2016-04-21 10:02:46 [weibospider.spiders.cauc_keyword_info] INFO: this is the searched keyword:机场 炸弹
2016-04-21 10:02:46 [weibospider.spiders.cauc_keyword_info] INFO: this is the searched keyword:飞机 炸弹
2016-04-21 10:02:46 [weibospider.spiders.cauc_keyword_info] INFO: current timestamp:1461204166
2016-04-21 10:03:16 [weibospider.spiders.cauc_keyword_info] INFO: this is the searched keyword:机场 炸弹
2016-04-21 10:03:16 [weibospider.spiders.cauc_keyword_info] INFO: this is the searched keyword:飞机 炸弹
2016-04-21 10:03:16 [weibospider.spiders.cauc_keyword_info] INFO: current timestamp:1461204196
2016-04-21 10:03:46 [weibospider.spiders.cauc_keyword_info] INFO: this is the searched keyword:机场 炸弹
2016-04-21 10:03:46 [weibospider.spiders.cauc_keyword_info] INFO: this is the searched keyword:飞机 炸弹
2016-04-21 10:03:46 [scrapy] INFO: Crawled 3 pages (at 3 pages/min), scraped 0 items (at 0 items/min)
2016-04-21 10:03:46 [scrapy] INFO: Closing spider (finished)
2016-04-21 10:03:46 [scrapy] INFO: Dumping Scrapy stats:
{'downloader/request_bytes': 3006,
 'downloader/request_count': 3,
 'downloader/request_method_count/GET': 2,
 'downloader/request_method_count/POST': 1,
 'downloader/response_bytes': 5140,
 'downloader/response_count': 3,
 'downloader/response_status_count/200': 3,
 'finish_reason': 'finished',
 'finish_time': datetime.datetime(2016, 4, 21, 2, 3, 46, 672134),
 'log_count/DEBUG': 4,
 'log_count/INFO': 17,
 'request_depth_max': 2,
 'response_received_count': 3,
 'scheduler/dequeued': 3,
 'scheduler/dequeued/memory': 3,
 'scheduler/enqueued': 3,
 'scheduler/enqueued/memory': 3,
 'start_time': datetime.datetime(2016, 4, 21, 2, 2, 3, 594494)}
2016-04-21 10:03:46 [scrapy] INFO: Spider closed (finished)
