2016-04-21 17:22:38 [scrapy] INFO: Scrapy 1.0.3 started (bot: weibospider)
2016-04-21 17:22:38 [scrapy] INFO: Optional features available: ssl, http11
2016-04-21 17:22:38 [scrapy] INFO: Overridden settings: {'NEWSPIDER_MODULE': 'weibospider.spiders', 'FEED_URI': 'file:///home/hadoop_user/scrapy-weibospider-mysql/items/weibospider/cauc_keyword_info/95889ae207a211e68fd6000c29c4bf4d.jl', 'SPIDER_MODULES': ['weibospider.spiders'], 'BOT_NAME': 'weibospider', 'LOG_FILE': 'logs/weibospider/cauc_keyword_info/95889ae207a211e68fd6000c29c4bf4d.log', 'DOWNLOAD_DELAY': 10}
2016-04-21 17:22:38 [scrapy] INFO: Enabled extensions: CloseSpider, FeedExporter, TelnetConsole, LogStats, CoreStats, SpiderState
2016-04-21 17:22:38 [scrapy] INFO: Enabled downloader middlewares: RotateUserAgent, HttpAuthMiddleware, DownloadTimeoutMiddleware, UserAgentMiddleware, RetryMiddleware, DefaultHeadersMiddleware, MetaRefreshMiddleware, HttpCompressionMiddleware, RedirectMiddleware, CookiesMiddleware, ChunkedTransferMiddleware, DownloaderStats
2016-04-21 17:22:38 [scrapy] INFO: Enabled spider middlewares: HttpErrorMiddleware, OffsiteMiddleware, RefererMiddleware, UrlLengthMiddleware, DepthMiddleware
2016-04-21 17:22:38 [scrapy] INFO: Enabled item pipelines: WeibospiderPipeline
2016-04-21 17:22:38 [scrapy] INFO: Spider opened
2016-04-21 17:22:38 [scrapy] INFO: Crawled 0 pages (at 0 pages/min), scraped 0 items (at 0 items/min)
2016-04-21 17:22:38 [scrapy] DEBUG: Telnet console listening on 127.0.0.1:6023
2016-04-21 17:22:38 [scrapy] DEBUG: Crawled (200) <GET http://login.sina.com.cn/sso/prelogin.php?entry=sso&callback=sinaSSOController.preloginCallBack&su=MTg2MDAyOTkwMDc=&rsakt=mod&client=ssologin.js(v1.4.4)> (referer: None)
2016-04-21 17:22:50 [scrapy] DEBUG: Crawled (200) <POST http://login.sina.com.cn/sso/login.php?client=ssologin.js(v1.4.4)> (referer: http://login.sina.com.cn/sso/prelogin.php?entry=sso&callback=sinaSSOController.preloginCallBack&su=MTg2MDAyOTkwMDc=&rsakt=mod&client=ssologin.js(v1.4.4))
2016-04-21 17:22:50 [weibospider.spiders.cauc_keyword_info] INFO: Login Success!!!!
2016-04-21 17:22:50 [scrapy] DEBUG: Crawled (200) <GET http://weibo.com/ajaxlogin.php?framelogin=1&callback=parent.sinaSSOController.feedBackUrlCallBack&sudaref=login.sina.com.cn&ticket=ST-MzY1NTYxMjU1Mg==-1461230563-xd-4B085704625FAC56E68D75A80BFB385E&retcode=0> (referer: http://login.sina.com.cn/sso/prelogin.php?entry=sso&callback=sinaSSOController.preloginCallBack&su=MTg2MDAyOTkwMDc=&rsakt=mod&client=ssologin.js(v1.4.4))
2016-04-21 17:22:50 [weibospider.spiders.cauc_keyword_info] INFO: this is the unsearched keyword:机场 炸弹
2016-04-21 17:22:50 [weibospider.spiders.cauc_keyword_info] INFO: this is the unsearched keyword:飞机 炸弹
2016-04-21 17:22:50 [weibospider.spiders.cauc_keyword_info] INFO: current timestamp:1461230570
2016-04-21 17:23:50 [weibospider.spiders.cauc_keyword_info] INFO: this is the searched keyword:机场 炸弹
2016-04-21 17:23:50 [scrapy] INFO: Crawled 3 pages (at 3 pages/min), scraped 0 items (at 0 items/min)
2016-04-21 17:23:50 [weibospider.spiders.cauc_keyword_info] INFO: this is the searched keyword:飞机 炸弹
2016-04-21 17:23:51 [scrapy] DEBUG: Crawled (200) <GET http://s.weibo.com/weibo/%25E6%259C%25BA%25E5%259C%25BA%2520%25E7%2582%25B8%25E5%25BC%25B9&nodup=1&page=> (referer: http://weibo.com/ajaxlogin.php?framelogin=1&callback=parent.sinaSSOController.feedBackUrlCallBack&sudaref=login.sina.com.cn&ticket=ST-MzY1NTYxMjU1Mg==-1461230563-xd-4B085704625FAC56E68D75A80BFB385E&retcode=0)
2016-04-21 17:23:51 [scrapy] DEBUG: Crawled (200) <GET http://s.weibo.com/weibo/%25E9%25A3%259E%25E6%259C%25BA%2520%25E7%2582%25B8%25E5%25BC%25B9&nodup=1&page=> (referer: http://weibo.com/ajaxlogin.php?framelogin=1&callback=parent.sinaSSOController.feedBackUrlCallBack&sudaref=login.sina.com.cn&ticket=ST-MzY1NTYxMjU1Mg==-1461230563-xd-4B085704625FAC56E68D75A80BFB385E&retcode=0)
2016-04-21 17:23:59 [scrapy] DEBUG: Crawled (200) <GET http://s.weibo.com/weibo/%25E6%259C%25BA%25E5%259C%25BA%2520%25E7%2582%25B8%25E5%25BC%25B9&timescope=custom:2016-04-21-16:2016-04-21-17&nodup=1&page=> (referer: http://weibo.com/ajaxlogin.php?framelogin=1&callback=parent.sinaSSOController.feedBackUrlCallBack&sudaref=login.sina.com.cn&ticket=ST-MzY1NTYxMjU1Mg==-1461230563-xd-4B085704625FAC56E68D75A80BFB385E&retcode=0)
2016-04-21 17:23:59 [analyzer] WARNING: parse html wrong!!
2016-04-21 17:24:13 [scrapy] DEBUG: Crawled (200) <GET http://s.weibo.com/weibo/%25E9%25A3%259E%25E6%259C%25BA%2520%25E7%2582%25B8%25E5%25BC%25B9&timescope=custom:2016-04-21-16:2016-04-21-17&nodup=1&page=> (referer: http://weibo.com/ajaxlogin.php?framelogin=1&callback=parent.sinaSSOController.feedBackUrlCallBack&sudaref=login.sina.com.cn&ticket=ST-MzY1NTYxMjU1Mg==-1461230563-xd-4B085704625FAC56E68D75A80BFB385E&retcode=0)
2016-04-21 17:24:13 [analyzer] WARNING: parse html wrong!!
2016-04-21 17:24:19 [scrapy] DEBUG: Crawled (200) <GET http://s.weibo.com/weibo/%25E6%259C%25BA%25E5%259C%25BA%2520%25E7%2582%25B8%25E5%25BC%25B9&nodup=1&page=1> (referer: http://s.weibo.com/weibo/%25E6%259C%25BA%25E5%259C%25BA%2520%25E7%2582%25B8%25E5%25BC%25B9&nodup=1&page=)
2016-04-21 17:24:19 [analyzers.keyword_info_analyzer] INFO:  该账号为企业认证账号company_approve
2016-04-21 17:24:19 [analyzers.keyword_info_analyzer] INFO:  该账号为企业认证账号company_approve
2016-04-21 17:24:19 [analyzers.keyword_info_analyzer] INFO:  该账号为企业认证账号company_approve
2016-04-21 17:24:19 [analyzers.keyword_info_analyzer] INFO:  该账号为企业认证账号company_approve
2016-04-21 17:24:19 [scrapy] DEBUG: Scraped from <200 http://s.weibo.com/weibo/%25E6%259C%25BA%25E5%259C%25BA%2520%25E7%2582%25B8%25E5%25BC%25B9&nodup=1&page=1>
{'keyword': '\xe6\x9c\xba\xe5\x9c\xba \xe7\x82\xb8\xe5\xbc\xb9',
 'keyword_alias': ['owosen',
                   u'\u660e\u89c4\u5219777',
                   'miltonliu',
                   u'\u9633\u5149\u7684\u767e\u5e74\u5b64\u72ec',
                   u'\u4e0a\u5b98\u6101\u90a3\u4e0a\u5b98',
                   u'\u6f58\u5300\u614c\u6f58',
                   u'\u5b89\u5168\u59b9\u7eb8',
                   u'\u65e0\u8bed\u4e86\u5440\u561b',
                   u'\u878d\u624d\u6467\u878d\u8e44',
                   u'\u6587\u5f0a\u60e0\u6587\u5bc4\u8f6c',
                   u'\u8d76\u5927\u8f66\u7684\u5587\u561b_Jimmy',
                   u'\u62d2\u6e38\u5851\u627f',
                   'irene_yomi',
                   u'\u5de9\u63d0\u5385\u5de9\u793c',
                   u'\u5408\u516e\u98ce\u96c5',
                   u'\u6731\u5a49\u5100'],
 'keyword_content': [u'key west \u7f8e\u56fd\u6700\u5357\u7aef \u8fd9\u662f\u53bb\u8fc7\u6700\u8fdc\u7684\u5730\u65b9\u4e86 \u6000\u5ff5\u5766\u5e15\u7684\u767d\u6c99\u6ee9 \u5e26\u4e00\u74f6\u6c99\u5b50 \u5dee\u70b9\u88ab \u673a\u573a \u6263\u4e86 \u4ee5\u4e3a\u662f \u70b8\u5f39 \u5462 \u73b0\u5728\u4e0d\u77e5\u9053\u90a3\u74f6\u6c99\u5b50\u54ea\u53bb\u4e86 | \u73f2\u6625\xb7\u65b0\u5b89...',
                     u'\u5206\u4eab\u81ea\u660e\u57f9\u4ec1\u300a\u81f4\u9996\u90fd \u673a\u573a \u96c6\u56e2\u516c\u53f8--------\u201c\u6211\u4e0d\u662f \u70b8\u5f39 \uff01\u201d\u300b -  \u5173\u4e8e\u80e1\u6625\u8f89\u3001\u738b\u9e3f\u6b66\u3001\u5d14\u53cb\u519b\u7b49\u4eba\u8fdd\u6cd5\u72af\u7f6a\u4e8b\u5b9e\u7684\u4e3e\u62a5\u548c\u63a7\u544a  \u81f4\u9996\u90fd \u673a\u573a \u96c6\u56e2\u515a\u7ec4\uff0c\u4e2d\u56fd\u6c11\u822a\u5c40\u7eaa\u68c0\u7ec4\uff0c\u4e2d\u56fd\u6c11\u822a... (\u6765\u81ea @\u5934\u6761\u535a\u5ba2 ) | \u81f4\u9996\u90fd\u673a\u573a...',
                     u'\u6211\u8bc4\u8bba\u4e86\u65b0\u95fb\u3010\u7537\u5b50\u81ea\u79f0\u6d17\u6f31\u5305\u91cc\u6709 \u70b8\u5f39 \u673a\u573a \u758f\u6563\u65c5\u5ba2\u5173\u95ed\u5b89\u68c0\u901a\u9053\u3011\uff1a\u4e0d\u4f5c\u6b7b\u5c31\u4e0d\u4f1a\u6b7b http://t.cn/Rq9Zh4X',
                     u'\u7537\u5b50\u5728 \u673a\u573a \u81ea\u79f0\u5305\u91cc\u6709 \u70b8\u5f39 : http://t.cn/Rq9Zh4X',
                     u'\u81ea1999\u5e74HBO\u7eaa\u5f55\u7247\u62a5\u9053\u4ee5\u6765\uff0c\u7f8e\u56fd\u4ebaJonah Falcon\u4fbf\u4ee5\u5176\u201c\u4e16\u754c\u6700\u957f\u9634 \u830e\u201d\u95fb\u540d\u5168\u7403\u3002Falcon\u5728\u65e7\u91d1\u5c71 \u673a\u573a \u51c6\u5907\u767b\u8bb0\u65f6\u88ab\u6000\u7591\u85cf\u6709 \u70b8\u5f39 \uff0c\u641c\u8eab\u540e\u8bc1\u5b9e\u5b9e\u4e3aFalcon\u7684\u4e0b\u4f53',
                     u'\u3002Falcon\u5728\u65e7\u91d1\u5c71 \u673a\u573a \u51c6\u5907\u767b\u8bb0\u65f6\u88ab\u6000\u7591\u85cf\u6709 \u70b8\u5f39 \uff0c\u641c\u8eab\u540e\u8bc1\u5b9e\u5b9e\u4e3aFalcon\u7684\u4e0b\u4f53',
                     u'\u3010\u82f1\u79d1\u5b66\u5bb6\u53d1\u660e\u7206\u70b8\u7269\u6fc0\u5149\u68c0\u6d4b\u4eea \u963b\u6b62 \u70b8\u5f39 \u6050\u6016\u88ad\u51fb\u3011\u8fc7\u53bb\u7684\u516d\u4e2a\u6708\uff0c\u6b27\u6d32\u53d1\u751f\u591a\u5927\u7684\u6050\u6016\u88ad\u51fb\u4e8b\u4ef6\uff0c\u5bfc\u81f4\u591a\u4eba\u4e27\u751f\u3002\u5728\u5e02\u573a\u4e0a\uff0c\u662f\u5426\u6709\u67d0\u79cd\u5e73\u4ef7\u88c5\u7f6e\u80fd\u5728\u9ad8\u5bc6\u5ea6\u4eba\u7fa4\u533a\uff0c\u5982 \u673a\u573a \u6216\u8f66\u7ad9\uff0c\u68c0\u6d4b\u51fa \u70b8\u5f39 \u7684\u5b58\u5728\u3002 \u82f1\u56fd\u4e1c\u7c73\u5fb7\u5170\uff0c\u62c9\u592b\u5821\u5927\u5b66\u7684\u79d1\u5b66\u5bb6\u76f8\u4fe1\u4ed6\u4eec\u5df2\u7ecf\u627e\u5230\u4e86\u7b54\u6848\uff1a\u8fd0\u7528\u4e16\u754c\u9886\u5148\u7684\u6fc0\u5149\u79d1\u6280\u5236\u4f5c\u51fa\u4e86\u7206\u70b8\u6b8b\u7559\u7269\n\t\t\t... \u5c55\u5f00\u5168\u6587 c',
                     u'\u81ea1999\u5e74HBO\u7eaa\u5f55\u7247\u62a5\u9053\u4ee5\u6765\uff0c\u7f8e\u56fd\u4ebaJonah Falcon\u4fbf\u4ee5\u5176\u201c\u4e16\u754c\u6700\u957f\u9634 \u830e\u201d\u95fb\u540d\u5168\u7403\u3002Falcon\u5728\u65e7\u91d1\u5c71 \u673a\u573a \u51c6\u5907\u767b\u8bb0\u65f6\u88ab\u6000\u7591\u85cf\u6709 \u70b8\u5f39 \uff0c\u641c\u8eab\u540e\u8bc1\u5b9e\u5b9e\u4e3aFalcon\u7684\u4e0b\u4f53',
                     u'\u3002Falcon\u5728\u65e7\u91d1\u5c71 \u673a\u573a \u51c6\u5907\u767b\u8bb0\u65f6\u88ab\u6000\u7591\u85cf\u6709 \u70b8\u5f39 \uff0c\u641c\u8eab\u540e\u8bc1\u5b9e\u5b9e\u4e3aFalcon\u7684\u4e0b\u4f53',
                     u'\u3002Falcon\u5728\u65e7\u91d1\u5c71 \u673a\u573a \u51c6\u5907\u767b\u8bb0\u65f6\u88ab\u6000\u7591\u85cf\u6709 \u70b8\u5f39 \uff0c\u641c\u8eab\u540e\u8bc1\u5b9e\u5b9e\u4e3aFalcon\u7684\u4e0b\u4f53',
                     u'\u8fd9\u4e48\u591a\u5e74\u7b2c\u4e00\u6b21\u5835\u6210\u8fd9\u6837\uff0c \u673a\u573a \u822a\u7ad9\u697c\u4e00\u62d0\u51fa\u6765\u5c31\u8d70\u4e0d\u52a8\u4e86\u3002\u56fd\u5bb6\u5c55\u89c8\u4e2d\u5fc3\u4eca\u540e\u8fd8\u4f1a\u4e0d\u65ad\u529e\u5c55\u4f1a\uff0c\u8fd9\u65e0\u7591\u662f\u4e00\u9897\u5b9a\u65f6 \u70b8\u5f39 \u3002',
                     u'\u3002Falcon\u5728\u65e7\u91d1\u5c71 \u673a\u573a \u51c6\u5907\u767b\u8bb0\u65f6\u88ab\u6000\u7591\u85cf\u6709 \u70b8\u5f39 \uff0c\u641c\u8eab\u540e\u8bc1\u5b9e\u5b9e\u4e3aFalcon\u7684\u4e0b\u4f53',
                     u'\u6628\u5929\u68a6\u89c1 hu7009\u7206\u70b8\u4e86\uff0c\u6709\u4eba\u6254 \u70b8\u5f39 \uff0c\u79bb\u843d\u573020\u5206\u949f\u7206\u70b8\u4e86\uff0c\u5413\u6b7b\u4e86\uff0c\u9192\u6765\u4e00\u770b\u539f\u6765\u662f\u68a6 \u767d\u4e91 \u673a\u573a \u8fd8\u80fd\u4e0d\u80fd\u597d\u4e86\uff0c\u4e0b\u5468\u65e5\u5343\u4e07\u522b\u4e0b\u96e8',
                     u'\u3002Falcon\u5728\u65e7\u91d1\u5c71 \u673a\u573a \u51c6\u5907\u767b\u8bb0\u65f6\u88ab\u6000\u7591\u85cf\u6709 \u70b8\u5f39 \uff0c\u641c\u8eab\u540e\u8bc1\u5b9e\u5b9e\u4e3aFalcon\u7684\u4e0b\u4f53',
                     u'\u771f\u5fc3\u8bdd \u6211\u6628\u5929\u5728\u963f\u59c6\u65af\u7279\u4e39 \u673a\u573a \u8fc7\u5b89\u68c0\uff0c\u624b\u673a\u5145\u7535\u5668\u8fde\u7740\u8f6c\u63a5\u63d2\u5934\u548cusb\u7ebf\uff0c\u7136\u540e\u5c31\u88ab\u8981\u6c42\u5f00\u5305\u4e86 \u4e8b\u540e\u60f3\u60f3\u662f\u633a\u50cf \u70b8\u5f39 \u7684',
                     u'\u822a\u7a7a\u5b89\u5168\u4e0d\u80fd\u5ffd\u8996,\u5fc5\u9808\u56b4\u5b88\u5b89\u6aa2\u898f\u5b9a! \u66fe\u7d93\u767c\u751f\u904e\u4e08\u592b\u54c0\u6c42 \u6a5f\u5834 \u4eba\u54e1\u9001\u4e00\u4ef6\u884c\u674e\u7d66\u59bb\u5b50,\u539f\u4f86\u5167\u653e \u70b8\u5f48 , \u76ee\u7684\u662f\u8981\u62ff\u53d6\u4fdd\u96aa\u91d1,\u7d50\u679c\u5168\u6a5f\u966a\u846c...........\u56e0\u70ba\u4f60\u540c\u6211\u90fd\u4e00\u6a23, \u98db\u4e86\u4e0a\u5929\u7a7a\u662f\u7121\u8def\u53ef\u8d70\u7684\u3002'],
 'keyword_publish_time': ['2016-04-20 22:21',
                          '2016-04-20 20:45',
                          '2016-04-20 08:21',
                          '2016-04-20 07:49',
                          '2016-04-20 05:34',
                          '2016-04-19 22:08',
                          '2016-04-19 10:40',
                          '2016-04-19 10:06',
                          '2016-04-19 02:35',
                          '2016-04-18 22:18',
                          '2016-04-18 17:29',
                          '2016-04-18 14:22',
                          '2016-04-18 11:09',
                          '2016-04-18 04:03',
                          '2016-04-18 00:01',
                          '2016-04-17 19:47'],
 'keyword_uid': [u'5332842865',
                 u'5603978630',
                 u'1144781222',
                 u'1156295953',
                 u'5894991700',
                 u'5898734495',
                 u'5284417280',
                 u'5116997182',
                 u'5898545669',
                 u'5899715699',
                 u'2280092240',
                 u'5900684044',
                 u'5892532929',
                 u'5899718404',
                 u'1073318384',
                 u'1741372600']}
2016-04-21 17:24:28 [scrapy] DEBUG: Crawled (200) <GET http://s.weibo.com/weibo/%25E9%25A3%259E%25E6%259C%25BA%2520%25E7%2582%25B8%25E5%25BC%25B9&nodup=1&page=1> (referer: http://s.weibo.com/weibo/%25E9%25A3%259E%25E6%259C%25BA%2520%25E7%2582%25B8%25E5%25BC%25B9&nodup=1&page=)
2016-04-21 17:24:29 [analyzers.keyword_info_analyzer] INFO:  该账号为企业认证账号company_approve
2016-04-21 17:24:29 [analyzers.keyword_info_analyzer] INFO:  该账号为企业认证账号company_approve
2016-04-21 17:24:29 [scrapy] DEBUG: Scraped from <200 http://s.weibo.com/weibo/%25E9%25A3%259E%25E6%259C%25BA%2520%25E7%2582%25B8%25E5%25BC%25B9&nodup=1&page=1>
{'keyword': '\xe9\xa3\x9e\xe6\x9c\xba \xe7\x82\xb8\xe5\xbc\xb9',
 'keyword_alias': [u'\u5416\u5416\u5416\u4e2a\u5478\u5478\u5478',
                   u'\u9ed8_\u5316',
                   u'\u6700\u7231\u5403\u8089\u5939\u998d\u7684\u6bdb\u7ebf\u541b',
                   u'\u5c0f\u8fa3\u6912\u5988\u5988520',
                   u'\u590f\u65e5\u58a8\u58a8',
                   u'\u795e\u79d8\u7684\u672a\u89e3\u4e4b\u8c1c',
                   u'\u4e00\u76f4\u5c31\u6015\u6ca1\u6d3b\u5e72',
                   u'\u84dd\u7530\u4eba\u5728\u56f4\u8116',
                   u'\u84dd\u7530\u4eba\u5728\u56f4\u8116',
                   u'\u5c0f\u5c0f\u718a0902',
                   u'\u88c5\u7532\u5143\u5e05\u6731\u53ef\u592b',
                   u'\u6e05\u5ec9\u6b63\u76f4\u6768\u6c38\u4fe1',
                   u'\u542b\u6811\u7f51',
                   u'\u9633\u6714\u5e2e',
                   u'\u82b3\u82b3Candy',
                   u'\u6587\u660e\u6267\u6cd5\u961f',
                   'Skywalker_66747'],
 'keyword_content': [u'@Autumnren \u4f60\u662f\u4e2a\u5927\u7c91\u535c\u3002 \u4e00\u70b9\u597d\u4e8b\u4e5f\u4e0d\u5e72\u3001\u5750 \u98de\u673a \u6254 \u70b8\u5f39 \u3002 @Autumnren',
                     u'#\u4f26\u6566\u9677\u843d# \u2605\u2606\u2606\uff0c\u52a8\u4f5c\u7279\u6548\u7535\u5f71\uff0c\u8bb2\u8ff0\u6050\u6016\u7ec4\u7ec7\u7ecf\u8fc7\u5468\u5bc6\u8ba1\u5212\u7b56\u5212\u4e86\u4e00\u6b21\u5de8\u5927\u7684\u6050\u6016\u88ad\u51fb\uff0c \u98de\u673a \uff0c \u70b8\u5f39 \uff0c\u697c\u623f\u3001\u6865\u3001\u5730\u94c1\uff0c\u5230\u5904\u90fd\u662f\u5e9f\u589f\uff0c\u8b66\u5bdf\u4e5f\u88ab\u66ff\u6362\u6210\u6050\u6016\u7ec4\u7ec7\u7684\u4eba\uff0c\u4f01\u56fe\u8c0b\u6740\u5728\u4f26\u6566\u5f00\u4f1a\u7684\u591a\u56fd\u603b\u7edf\u3002\u7531\u4e8e\u52a8\u4f5c\u7247\u548c\u79d1\u5e7b\u7247\u65e9\u5df2\u770b\u817b\u4e86\uff0c\u9002\u5408\u559c\u6b22\u8fd9\u79cd\u7c7b\u578b\u7684\u4eba\uff0c\u662f\u4e2a\u4e0d\u9519\u7684\u7535\u5f71\u3002 | \u5408\u80a5\xb7\u829c\u6e56...',
                     u'// @elcazador : // @\u829d\u58eb\u8089\u7cbd : \u98de\u673a \u662f\u65e0\u8f9c\u7684\u554a... // @\u9022\u5742\u7d18\u5922 : @\u6761\u5f62\u7801-\u81ea\u696d\u81ea\u5f97 \u4f60\u770b\u770b\u22ef\u22ef // @\u963f\u7eff\u7eff :\u4e3a\u4e86 \u98de\u673a \u2026\u2026\u7d2f\u5417\uff01\u7d2f\u5417\uff01\u7d2f\u5417\uff01// @\u9621\u964ckiwi_field : \u2026\u2026\u2026\u2026\u4e09\u4eba\u6253\u98de\u673a // @\u8700\u9ecd-\u9701\u6708 :\u201c\u8d64\u4e95\u548c\u5b89\u5ba4\u7684\u8089\u640f\u4e24\u4eba\u90fd\u6ca1\u5360\u4e0a\u98ce\uff0c\u6700\u540e\u98de\u673a\u662f\u4e09\u4eba\u5408\u529b\u6253\u7684\uff0c\u67ef\u5357\u7167\u660e\uff0c\u79c0\u4e00\u5f00\u67aa\uff0c\u5b89\u5ba4\u4e22 \u70b8\u5f39 \u201d',
                     u'\u8fd9\u4e2a\u201c\u79cd\u5b50 \u70b8\u5f39 \u201d\u4ece \u98de\u673a \u4e0a\u88ab\u53d1\u5c04\u4e0b\u6765\u843d\u5730\u524d\u4f1a\u81ea\u52a8\u89e3\u4f53\uff0c\u91ca\u653e\u51fa\u91cc\u8fb9\u4e00\u4e2a\u4e2a\u5f62\u4f3c\u80f6\u56ca\u7684\u88c5\u4e86\u6c34\u7684\u79cd\u5b50\uff0c\u843d\u5730\u4e4b\u540e\uff0c\u80f6\u56ca\u91cc\u7684\u6c34\u5206\u5c31\u53ef\u4ee5\u4f9b\u79cd\u5b50\u53d1\u82bd\u751f\u6839\u6240\u9700\uff0c\u7b49\u5e7c\u82bd\u957f\u5f97\u591f\u5f3a\u58ee\u80fd\u4ece\u8f83\u6df1\u7684\u571f\u58e4\u4e2d\u6c72\u53d6\u5230\u6c34\u5206\u7684\u65f6\u5019\uff0c\u80f6\u56ca\u91cc\u7684\u6c34\u4e5f\u8017\u5c3d\uff0c',
                     u'\u6253\u57ae\u65e5\u672c\u81ea\u536b\u961f\uff0c\u6700\u591a\u53ea\u9700\u89814\u5c0f\u65f6\u3002\u7f8e\u519b \u98de\u673a \u8d77\u98de\u65f6\uff0c\u4e2d\u56fd\u7a7a\u519b\u65e9\u5c31\u503e\u6cfb\u5b8c \u70b8\u5f39 \u8f7b\u88c5\u8fd4\u822a\u56de\u5bb6\u6d17\u4e86\u4e2a\u70ed\u6c34\u6fa1\u4e86\u3002\u5f20\u53ec\u5fe0\u79f0\u4e2d\u56fd\u56db\u4e2a\u5c0f\u65f6\u5c31\u80fd\u6253\u57ae\u65e5\u672c\u81ea\u536b\u961f(\u56fe\u6e90\uff1aVCG) \u4e2d\u56fd\u56fd\u9632\u5927\u5b66\u6559\u6388\u5f20\u53ec\u5fe0\uff0c\u66fe\u516c... (\u6765\u81ea @\u5934\u6761\u535a\u5ba2 ) | \u5f20\u53ec\u5fe0\uff1a\u4e2d...',
                     u'\u8fd9\u4e2a\u201c\u79cd\u5b50 \u70b8\u5f39 \u201d\u4ece \u98de\u673a \u4e0a\u88ab\u53d1\u5c04\u4e0b\u6765\u843d\u5730\u524d\u4f1a\u81ea\u52a8\u89e3\u4f53\uff0c\u91ca\u653e\u51fa\u91cc\u8fb9\u4e00\u4e2a\u4e2a\u5f62\u4f3c\u80f6\u56ca\u7684\u88c5\u4e86\u6c34\u7684\u79cd\u5b50\uff0c\u843d\u5730\u4e4b\u540e\uff0c\u80f6\u56ca\u91cc\u7684\u6c34\u5206\u5c31\u53ef\u4ee5\u4f9b\u79cd\u5b50\u53d1\u82bd\u751f\u6839\u6240\u9700\uff0c\u7b49\u5e7c\u82bd\u957f\u5f97\u591f\u5f3a\u58ee\u80fd\u4ece\u8f83\u6df1\u7684\u571f\u58e4\u4e2d\u6c72\u53d6\u5230\u6c34\u5206\u7684\u65f6\u5019\uff0c\u80f6\u56ca\u91cc\u7684\u6c34\u4e5f\u8017\u5c3d\uff0c',
                     u'// @\u88c5\u7532\u5143\u5e05\u6731\u53ef\u592b :\u65a9\u9996\u5229\u5668 // @\u6e05\u5ec9\u6b63\u76f4\u6768\u6c38\u4fe1 : \u70b8\u5f39 \u5c0f \u98de\u673a \uff08 // @\u9e66\u9e49\u87ba\u7ba1\u5e26_\u8fdb\u51fb\u7684\u6d77\u519b\u63b7\u5f39\u5175 :\u5355\u5175\u5de1\u822a\u5bfc\u5f39',
                     u'\u70b8\u5f39 // @\u5434\u5a1c\u5a1cNina :\u5927\u738b // @\u84dd\u7530\u4eba\u5728\u56f4\u8116 :8// @\u641e\u673a\u54e5\u6881\u946b\u79d1 :7 // @\u84dd\u7530\u4eba\u5728\u56f4\u8116 :6// @\u5434\u5a1c\u5a1cNina :\u5355\u4e2a5 // @\u84dd\u7530\u4eba\u5728\u56f4\u8116 :\u4e00\u4e2a3// @\u641e\u673a\u54e5\u6881\u946b\u79d1 :\u8fc7 // @\u84dd\u7530\u4eba\u5728\u56f4\u8116 :\u738b\u70b8// @\u641e\u673a\u54e5\u6881\u946b\u79d1 : \u98de\u673a // @\u8c82\u54e5\u90b9\u71da :\u660e\u724c// @\u641e\u673a\u54e5\u56f4\u8116 :\u52a0\u500d// @\u5434\u5a1c\u5a1cNina :\u7ffb\u500d // @\u8c82\u54e5\u90b9\u71da :\u6211\u8fd8\u8ddf\u4e00\u5757// @\u5434\u5a1c\u5a1cNina :',
                     u'\u70b8\u5f39 // @\u641e\u673a\u54e5\u6881\u946b\u79d1 :\u4e00\u4e2a2 // @\u5434\u5a1c\u5a1cNina :\u5355\u4e2a5 // @\u84dd\u7530\u4eba\u5728\u56f4\u8116 :\u4e00\u4e2a3// @\u641e\u673a\u54e5\u6881\u946b\u79d1 :\u8fc7 // @\u84dd\u7530\u4eba\u5728\u56f4\u8116 :\u738b\u70b8// @\u641e\u673a\u54e5\u6881\u946b\u79d1 : \u98de\u673a // @\u8c82\u54e5\u90b9\u71da :\u660e\u724c// @\u641e\u673a\u54e5\u6881\u946b\u79d1 :\u6211\u62a2 // @\u84dd\u7530\u4eba\u5728\u56f4\u8116 :\u52a0\u500d// @\u5434\u5a1c\u5a1cNina :\u7ffb\u500d // @\u8c82\u54e5\u90b9\u71da :\u6211\u8fd8\u8ddf\u4e00\u5757// @\u5434\u5a1c\u5a1cNina :\u52a0\u4e00\u5757 // @\u751c\u871c\u5403\u8d27\u738b\u5f3a :\u8f6c\u4e86',
                     u'\u8fd9\u4e2a\u201c\u79cd\u5b50 \u70b8\u5f39 \u201d\u4ece \u98de\u673a \u4e0a\u88ab\u53d1\u5c04\u4e0b\u6765\u843d\u5730\u524d\u4f1a\u81ea\u52a8\u89e3\u4f53\uff0c\u91ca\u653e\u51fa\u91cc\u8fb9\u4e00\u4e2a\u4e2a\u5f62\u4f3c\u80f6\u56ca\u7684\u88c5\u4e86\u6c34\u7684\u79cd\u5b50\uff0c\u843d\u5730\u4e4b\u540e\uff0c\u80f6\u56ca\u91cc\u7684\u6c34\u5206\u5c31\u53ef\u4ee5\u4f9b\u79cd\u5b50\u53d1\u82bd\u751f\u6839\u6240\u9700\uff0c\u7b49\u5e7c\u82bd\u957f\u5f97\u591f\u5f3a\u58ee\u80fd\u4ece\u8f83\u6df1\u7684\u571f\u58e4\u4e2d\u6c72\u53d6\u5230\u6c34\u5206\u7684\u65f6\u5019\uff0c\u80f6\u56ca\u91cc\u7684\u6c34\u4e5f\u8017\u5c3d\uff0c',
                     u'\u65a9\u9996\u5229\u5668 // @\u6e05\u5ec9\u6b63\u76f4\u6768\u6c38\u4fe1 : \u70b8\u5f39 \u5c0f \u98de\u673a \uff08 // @\u9e66\u9e49\u87ba\u7ba1\u5e26_\u8fdb\u51fb\u7684\u6d77\u519b\u63b7\u5f39\u5175 :\u5355\u5175\u5de1\u822a\u5bfc\u5f39',
                     u'\u70b8\u5f39 \u5c0f \u98de\u673a \uff08 // @\u9e66\u9e49\u87ba\u7ba1\u5e26_\u8fdb\u51fb\u7684\u6d77\u519b\u63b7\u5f39\u5175 :\u5355\u5175\u5de1\u822a\u5bfc\u5f39',
                     u'\u8fd9\u4e2a\u201c\u79cd\u5b50 \u70b8\u5f39 \u201d\u4ece \u98de\u673a \u4e0a\u88ab\u53d1\u5c04\u4e0b\u6765\u843d\u5730\u524d\u4f1a\u81ea\u52a8\u89e3\u4f53\uff0c\u91ca\u653e\u51fa\u91cc\u8fb9\u4e00\u4e2a\u4e2a\u5f62\u4f3c\u80f6\u56ca\u7684\u88c5\u4e86\u6c34\u7684\u79cd\u5b50\uff0c\u843d\u5730\u4e4b\u540e\uff0c\u80f6\u56ca\u91cc\u7684\u6c34\u5206\u5c31\u53ef\u4ee5\u4f9b\u79cd\u5b50\u53d1\u82bd\u751f\u6839\u6240\u9700\uff0c\u7b49\u5e7c\u82bd\u957f\u5f97\u591f\u5f3a\u58ee\u80fd\u4ece\u8f83\u6df1\u7684\u571f\u58e4\u4e2d\u6c72\u53d6\u5230\u6c34\u5206\u7684\u65f6\u5019\uff0c\u80f6\u56ca\u91cc\u7684\u6c34\u4e5f\u8017\u5c3d\uff0c',
                     u'\u662f\u8c01\u60ca\u6270\u4e86\u8fd9\u4e2a\u9633\u6714\u4eba\u7684\u68a6..._\u5bf9\u8d8a\u81ea\u536b\u53cd\u51fb\u6218\u6545\u4e8b),\u521a\u521a\u5360\u9886\u4e86\u4e00\u4e2a\u5c71\u5934,\u5f88\u7d2f\u4e86,\u4f46\u8fd8\u662f\u53d6\u5f97\u4e86\u9636\u6bb5\u6027\u7684\u80dc\u5229,\u6211\u8981\u7761\u4e00\u4f1a,\u517b\u8db3\u7cbe\u529b,\u7b49\u4f1a\u654c\u4eba\u8fd8\u4f1a\u6765......\u7a81\u7136\u95f4,\u654c\u4eba\u7684 \u98de\u673a \u6765\u4e86,\u5411\u6211\u6295 \u70b8\u5f39 !\u6211\u8d76... http://t.cn/Rq95IIU',
                     u'\u524d\u4e24\u5929\u201c\u5e7b\u60f3\u4e16\u754c\u201d\u7684\u68a6\u592a\u795e\u5947\uff0c\u6628\u665a\u7684\u68a6\u662f\u82e6\u60c5\u620f\uff0c \u70b8\u5f39 \u7206\u70b8\uff0c\u505a\u597d\u51e0\u8d9f \u98de\u673a \u8fd4\u5bb6\uff0c\u8fc7\u5e74\u7279\u51b7\u8fd8\u6ca1\u7535\uff0c\u5f88\u5b64\u5355\u2026\u2026\u8fd8\u7b2c\u4e00\u6b21\u5728\u68a6\u91cc\u8bf4\u82f1\u6587\u4e3a\u4e86\u7ed9\u81ea\u5df1\u8fa9\u767d\uff0c\u8fd8\u5bf9\u4e0d\u4f5c\u4e3a\u7684\u8bb0\u8005\u8bf4\u4f60\u4eec\u770b\u8fc7\u5339\u8bfa\u66f9\u4e48 \u89c9\u8fd9\u6837\u80fd\u4e0b\u53bb\uff0c\u80fd\u5f53\u7f16\u5267\u4e86',
                     u'\u5feb\u6b7b\u53bb\u5427\uff0c\u50bb\u903c\u7eff\u6559 // @\u851a\u84dd1916ROC :\u5475\u5475\uff0c\u5982\u679c\u771f\u662f\u7f8e\u519b\uff0c\u8fd9\u4f19\u4eba\u5f97\u8d76\u5feb\u632a\u5730\u65b9\u4e86---\u51e0\u5206\u949f\u540e \u98de\u673a \u548cJDAM \u70b8\u5f39 \u51c6\u5230\uff0c\u5168\u6b7b// @\u9632\u52a1\u541b :// @23udsa23u91djag0-26j :\u4e00\u4e2aISIS\u4efd\u5b50\u625b\u7740RPG \u5728\u571f\u5761\u4e0a\u5de6\u671b\u671b\uff5e\u53f3\u770b\u770b\uff5e \u7ed3\u679c\u88ab\u7f8e\u519b\u72d9\u51fb\u624b \u556a\uff5e\u4e00\u67aa\u6b63\u4e2d\u7709\u5fc3\u6b7b\u4e86\uff5e\u7136\u540e\u5c31\u662fISIS \u54ed\u6210\u4e00\u9505\u7ca5\uff5e',
                     u'// @\u851a\u84dd1916ROC :\u5475\u5475\uff0c\u5982\u679c\u771f\u662f\u7f8e\u519b\uff0c\u8fd9\u4f19\u4eba\u5f97\u8d76\u5feb\u632a\u5730\u65b9\u4e86---\u51e0\u5206\u949f\u540e \u98de\u673a \u548cJDAM \u70b8\u5f39 \u51c6\u5230\uff0c\u5168\u6b7b// @\u9632\u52a1\u541b :// @23udsa23u91djag0-26j :\u4e00\u4e2aISIS\u4efd\u5b50\u625b\u7740RPG \u5728\u571f\u5761\u4e0a\u5de6\u671b\u671b\uff5e\u53f3\u770b\u770b\uff5e \u7ed3\u679c\u88ab\u7f8e\u519b\u72d9\u51fb\u624b \u556a\uff5e\u4e00\u67aa\u6b63\u4e2d\u7709\u5fc3\u6b7b\u4e86\uff5e\u7136\u540e\u5c31\u662fISIS \u54ed\u6210\u4e00\u9505\u7ca5\uff5e'],
 'keyword_publish_time': ['2016-04-21 14:24',
                          '2016-04-21 10:28',
                          '2016-04-21 07:49',
                          '2016-04-21 07:33',
                          '2016-04-20 23:38',
                          '2016-04-20 21:54',
                          '2016-04-20 21:41',
                          '2016-04-20 21:32',
                          '2016-04-20 21:17',
                          '2016-04-20 21:10',
                          '2016-04-20 16:22',
                          '2016-04-20 16:15',
                          '2016-04-20 12:45',
                          '2016-04-20 11:50',
                          '2016-04-20 06:34',
                          '2016-04-19 22:17',
                          '2016-04-19 21:56'],
 'keyword_uid': [u'3866459148',
                 u'2787941891',
                 u'1819831485',
                 u'3860081475',
                 u'1689028017',
                 u'1774818691',
                 u'2709574265',
                 u'3171548067',
                 u'3171548067',
                 u'3788616735',
                 u'2941107905',
                 u'2339103522',
                 u'1411008047',
                 u'1914654405',
                 u'1649052875',
                 u'5888146741',
                 u'5724659543']}
2016-04-21 17:24:38 [scrapy] INFO: Crawled 9 pages (at 6 pages/min), scraped 2 items (at 2 items/min)
2016-04-21 17:24:42 [scrapy] DEBUG: Crawled (200) <GET http://s.weibo.com/weibo/%25E6%259C%25BA%25E5%259C%25BA%2520%25E7%2582%25B8%25E5%25BC%25B9&timescope=custom:2016-04-21-16:2016-04-21-17&nodup=1&page=1> (referer: http://s.weibo.com/weibo/%25E6%259C%25BA%25E5%259C%25BA%2520%25E7%2582%25B8%25E5%25BC%25B9&timescope=custom:2016-04-21-16:2016-04-21-17&nodup=1&page=)
2016-04-21 17:24:42 [scrapy] DEBUG: Scraped from <200 http://s.weibo.com/weibo/%25E6%259C%25BA%25E5%259C%25BA%2520%25E7%2582%25B8%25E5%25BC%25B9&timescope=custom:2016-04-21-16:2016-04-21-17&nodup=1&page=1>
{'keyword': '\xe6\x9c\xba\xe5\x9c\xba \xe7\x82\xb8\xe5\xbc\xb9',
 'keyword_alias': [u'\u5f53\u65f6\u6211\u5c31\u9707\u60ca\u4e86',
                   u'\u8fd9\u4e2a\u5fae\u535a\u662f\u4e2a\u9017\u6bd4',
                   u'\u5927\u53d4\u795e\u5410\u69fd',
                   u'\u5168\u7403\u5e7d\u9ed8\u8da3\u4e8b',
                   u'\u9ad8\u5706\u5706'],
 'keyword_content': [u'\u8fd9\u5c0f\u59d1\u5a18\u989c\u503c\u7206\u8868\u554a\uff0c\u957f\u5927\u4ee5\u540e\u53c8\u662f\u4e00\u4e2a\u7f8e\u5973\uff0c\u88ab\u840c\u5230\u4e86 | \u79d2\u62cd\u89c6\u9891',
                     u'\u8fd9\u5957\u8def\u73a9\u7684\u592a\u6df1\uff01\u8fd9\u6837\u7684\u5267\u60c5\uff0c\u770b\u5230\u6700\u540e\u6211\u5dee\u4e00\u70b9\u611f\u52a8\u54ed\u4e86~ #\u5e7d\u9ed8\u63a8\u8350# | \u79d2\u62cd\u89c6\u9891',
                     u'\u4e07\u4e07\u6ca1\u60f3\u5230\u7684\u7ed3\u5c40\uff0c\u4eba\u751f\uff0c\u7ed3\u5c40\u548c\u60b2\u54c0\uff0c\u8fd9\u4e2a\u4e16\u754c\u3002\u3002\u3002\u3002\u3002 #\u5927\u53d4\u795e\u5410\u69fd#',
                     u'\u4e00\u4e2a\u56fd\u5916\u521b\u610f\u5e7f\u544a\uff0c\u56e2\u7ed3\u5c31\u662f\u529b\u91cf\uff0c\u65e2\u7ecf\u5178\uff0c\u53c8\u641e\u7b11\uff01\uff01\uff01 #\u5e7d\u9ed8\u63a8\u8350# | \u79d2\u62cd\u89c6\u9891',
                     u'\u4e24\u4e2a\u591a\u6708\uff0c\u6211\u7684\u5498\u5498\u5b9d\u8d1d\u53c8\u957f\u5927\u4e86\uff0c\u4eb2\u5988\u548c\u5e72\u5988\u5df2\u7ecf\u8ffd\u4e0d\u4e0a\u4f60\u7684\u773c\u775b\u4e86 #\u4e9a\u6d32\u4e09\u7f8e#'],
 'keyword_publish_time': ['2016-04-20 18:04',
                          '2016-04-21 09:30',
                          '2016-04-20 22:23',
                          '2016-04-20 19:30',
                          '2016-04-20 22:57'],
 'keyword_uid': [u'1764222885',
                 u'2187272842',
                 u'2504004715',
                 u'1852220282',
                 u'1676082433']}
2016-04-21 17:24:54 [scrapy] DEBUG: Crawled (200) <GET http://s.weibo.com/weibo/%25E9%25A3%259E%25E6%259C%25BA%2520%25E7%2582%25B8%25E5%25BC%25B9&timescope=custom:2016-04-21-16:2016-04-21-17&nodup=1&page=1> (referer: http://s.weibo.com/weibo/%25E9%25A3%259E%25E6%259C%25BA%2520%25E7%2582%25B8%25E5%25BC%25B9&timescope=custom:2016-04-21-16:2016-04-21-17&nodup=1&page=)
2016-04-21 17:24:55 [scrapy] DEBUG: Scraped from <200 http://s.weibo.com/weibo/%25E9%25A3%259E%25E6%259C%25BA%2520%25E7%2582%25B8%25E5%25BC%25B9&timescope=custom:2016-04-21-16:2016-04-21-17&nodup=1&page=1>
{'keyword': '\xe9\xa3\x9e\xe6\x9c\xba \xe7\x82\xb8\xe5\xbc\xb9',
 'keyword_alias': [u'\u5f53\u65f6\u6211\u5c31\u9707\u60ca\u4e86',
                   u'\u5168\u7403\u5e7d\u9ed8\u8da3\u4e8b',
                   u'\u5f20\u6893\u7433',
                   u'\u601d\u60f3\u805a\u7126',
                   u'\u9ad8\u5706\u5706'],
 'keyword_content': [u'\u8fd9\u5c0f\u59d1\u5a18\u989c\u503c\u7206\u8868\u554a\uff0c\u957f\u5927\u4ee5\u540e\u53c8\u662f\u4e00\u4e2a\u7f8e\u5973\uff0c\u88ab\u840c\u5230\u4e86 | \u79d2\u62cd\u89c6\u9891',
                     u'\u4e00\u4e2a\u56fd\u5916\u521b\u610f\u5e7f\u544a\uff0c\u56e2\u7ed3\u5c31\u662f\u529b\u91cf\uff0c\u65e2\u7ecf\u5178\uff0c\u53c8\u641e\u7b11\uff01\uff01\uff01 #\u5e7d\u9ed8\u63a8\u8350# | \u79d2\u62cd\u89c6\u9891',
                     u'\u8042\u54e5\u5982\u613f\u62b1\u4e0a\u4e86\u4ed6\u7684\u5c0f\u60c5\u4eba\u3002 50cm\uff0c6\u65a48\u4e24\u3002 \u817f\u7279\u522b\u4e0d\u77ed \u8c22\u8c22\u5927\u5bb6\u7684\u5173\u5fc3\u548c\u7231\u62a4\uff0c \u7231\u4f60\u4eec\u3002',
                     u'\u5355\u8eab\u662f\u6700\u597d\u7684\u5347\u503c\u671f',
                     u'\u4e24\u4e2a\u591a\u6708\uff0c\u6211\u7684\u5498\u5498\u5b9d\u8d1d\u53c8\u957f\u5927\u4e86\uff0c\u4eb2\u5988\u548c\u5e72\u5988\u5df2\u7ecf\u8ffd\u4e0d\u4e0a\u4f60\u7684\u773c\u775b\u4e86 #\u4e9a\u6d32\u4e09\u7f8e#'],
 'keyword_publish_time': ['2016-04-20 18:04',
                          '2016-04-20 19:30',
                          '2016-04-20 21:19',
                          '2016-04-20 22:04',
                          '2016-04-20 22:57'],
 'keyword_uid': [u'1764222885',
                 u'1852220282',
                 u'1196624615',
                 u'1742566624',
                 u'1676082433']}
2016-04-21 17:24:55 [scrapy] INFO: Closing spider (finished)
2016-04-21 17:24:55 [scrapy] INFO: Stored jsonlines feed (4 items) in: file:///home/hadoop_user/scrapy-weibospider-mysql/items/weibospider/cauc_keyword_info/95889ae207a211e68fd6000c29c4bf4d.jl
2016-04-21 17:24:55 [scrapy] INFO: Dumping Scrapy stats:
{'downloader/request_bytes': 15362,
 'downloader/request_count': 11,
 'downloader/request_method_count/GET': 10,
 'downloader/request_method_count/POST': 1,
 'downloader/response_bytes': 136431,
 'downloader/response_count': 11,
 'downloader/response_status_count/200': 11,
 'finish_reason': 'finished',
 'finish_time': datetime.datetime(2016, 4, 21, 9, 24, 55, 106401),
 'item_scraped_count': 4,
 'log_count/DEBUG': 16,
 'log_count/INFO': 22,
 'log_count/WARNING': 2,
 'request_depth_max': 4,
 'response_received_count': 11,
 'scheduler/dequeued': 11,
 'scheduler/dequeued/memory': 11,
 'scheduler/enqueued': 11,
 'scheduler/enqueued/memory': 11,
 'start_time': datetime.datetime(2016, 4, 21, 9, 22, 38, 589517)}
2016-04-21 17:24:55 [scrapy] INFO: Spider closed (finished)
