2016-04-15 15:37:40 [scrapy] INFO: Scrapy 1.0.3 started (bot: weibospider)
2016-04-15 15:37:40 [scrapy] INFO: Optional features available: ssl, http11
2016-04-15 15:37:40 [scrapy] INFO: Overridden settings: {'NEWSPIDER_MODULE': 'weibospider.spiders', 'FEED_URI': 'file:///home/hadoop_user/scrapy-weibospider-mysql/items/weibospider/cauc_keyword_info/ed1f6cce02dc11e6b23b000c29c4bf4d.jl', 'SPIDER_MODULES': ['weibospider.spiders'], 'BOT_NAME': 'weibospider', 'LOG_FILE': 'logs/weibospider/cauc_keyword_info/ed1f6cce02dc11e6b23b000c29c4bf4d.log', 'DOWNLOAD_DELAY': 10}
2016-04-15 15:37:40 [scrapy] INFO: Enabled extensions: CloseSpider, FeedExporter, TelnetConsole, LogStats, CoreStats, SpiderState
2016-04-15 15:37:40 [scrapy] INFO: Enabled downloader middlewares: RotateUserAgent, HttpAuthMiddleware, DownloadTimeoutMiddleware, UserAgentMiddleware, RetryMiddleware, DefaultHeadersMiddleware, MetaRefreshMiddleware, HttpCompressionMiddleware, RedirectMiddleware, CookiesMiddleware, ChunkedTransferMiddleware, DownloaderStats
2016-04-15 15:37:40 [scrapy] INFO: Enabled spider middlewares: HttpErrorMiddleware, OffsiteMiddleware, RefererMiddleware, UrlLengthMiddleware, DepthMiddleware
2016-04-15 15:37:40 [scrapy] INFO: Enabled item pipelines: WeibospiderPipeline
2016-04-15 15:37:40 [scrapy] INFO: Spider opened
2016-04-15 15:37:40 [scrapy] INFO: Crawled 0 pages (at 0 pages/min), scraped 0 items (at 0 items/min)
2016-04-15 15:37:40 [scrapy] DEBUG: Telnet console listening on 127.0.0.1:6023
2016-04-15 15:37:40 [scrapy] DEBUG: Crawled (200) <GET http://login.sina.com.cn/sso/prelogin.php?entry=sso&callback=sinaSSOController.preloginCallBack&su=MTg2MDAyOTkwMDc=&rsakt=mod&client=ssologin.js(v1.4.4)> (referer: None)
2016-04-15 15:37:49 [scrapy] DEBUG: Crawled (200) <POST http://login.sina.com.cn/sso/login.php?client=ssologin.js(v1.4.4)> (referer: http://login.sina.com.cn/sso/prelogin.php?entry=sso&callback=sinaSSOController.preloginCallBack&su=MTg2MDAyOTkwMDc=&rsakt=mod&client=ssologin.js(v1.4.4))
2016-04-15 15:37:49 [scrapy] DEBUG: Crawled (200) <GET http://weibo.com/ajaxlogin.php?framelogin=1&callback=parent.sinaSSOController.feedBackUrlCallBack&sudaref=login.sina.com.cn&ticket=ST-MzY1NTYxMjU1Mg==-1460705849-xd-9D1AC7DEA4C80FA00DEC11EF3FEF5129&retcode=0> (referer: http://login.sina.com.cn/sso/prelogin.php?entry=sso&callback=sinaSSOController.preloginCallBack&su=MTg2MDAyOTkwMDc=&rsakt=mod&client=ssologin.js(v1.4.4))
2016-04-15 15:38:19 [weibospider.spiders.cauc_keyword_info] INFO: this is the searched keyword:机场 炸弹
2016-04-15 15:38:19 [weibospider.spiders.cauc_keyword_info] INFO: this is the searched keyword:飞机 炸弹
2016-04-15 15:38:49 [weibospider.spiders.cauc_keyword_info] INFO: this is the searched keyword:机场 炸弹
2016-04-15 15:38:49 [weibospider.spiders.cauc_keyword_info] INFO: this is the searched keyword:飞机 炸弹
2016-04-15 15:39:19 [weibospider.spiders.cauc_keyword_info] INFO: this is the searched keyword:机场 炸弹
2016-04-15 15:39:19 [weibospider.spiders.cauc_keyword_info] INFO: this is the searched keyword:飞机 炸弹
2016-04-15 15:39:19 [scrapy] INFO: Crawled 3 pages (at 3 pages/min), scraped 0 items (at 0 items/min)
2016-04-15 15:39:19 [scrapy] INFO: Closing spider (finished)
2016-04-15 15:39:19 [scrapy] INFO: Dumping Scrapy stats:
{'downloader/request_bytes': 3055,
 'downloader/request_count': 3,
 'downloader/request_method_count/GET': 2,
 'downloader/request_method_count/POST': 1,
 'downloader/response_bytes': 5117,
 'downloader/response_count': 3,
 'downloader/response_status_count/200': 3,
 'finish_reason': 'finished',
 'finish_time': datetime.datetime(2016, 4, 15, 7, 39, 19, 500959),
 'log_count/DEBUG': 4,
 'log_count/INFO': 14,
 'request_depth_max': 2,
 'response_received_count': 3,
 'scheduler/dequeued': 3,
 'scheduler/dequeued/memory': 3,
 'scheduler/enqueued': 3,
 'scheduler/enqueued/memory': 3,
 'start_time': datetime.datetime(2016, 4, 15, 7, 37, 40, 847095)}
2016-04-15 15:39:19 [scrapy] INFO: Spider closed (finished)
